<?xml version="1.0" encoding="UTF-8"?>
<!-- Generated by org.testng.reporters.JUnitXMLReporter -->
<testsuite ignored="3" hostname="TippuSwamy" failures="0" tests="2" name="carloan " time="0.02" errors="0" timestamp="2022-09-09T13:21:20 IST">
  <testcase classname="testpackage.day3" name="Apilogincarloan" time="0.003"/>
  <testcase classname="testpackage.day3" name="Weblogincarloan" time="0.002"/>
  <testcase classname="testpackage.day3" name="mobilesignincarloan" time="0.0">
    <ignored/>
  </testcase> <!-- mobilesignincarloan -->
  <testcase classname="testpackage.day3" name="mobilesignoutcarloan" time="0.0">
    <ignored/>
  </testcase> <!-- mobilesignoutcarloan -->
  <testcase classname="testpackage.day3" name="mobilelogincarloan" time="0.0">
    <ignored/>
  </testcase> <!-- mobilelogincarloan -->
</testsuite> <!-- carloan  -->
