<?xml version="1.0" encoding="UTF-8"?>
<!-- Generated by org.testng.reporters.JUnitXMLReporter -->
<testsuite ignored="0" hostname="TippuSwamy" failures="0" tests="6" name="personal loan" time="0.141" errors="0" timestamp="2022-09-09T13:21:20 IST">
  <testcase classname="testpackage.day1" name="demo1" time="0.01"/>
  <testcase classname="testpackage.day1" name="demo2" time="0.003"/>
  <testcase classname="testpackage.day2" name="example1" time="0.001"/>
  <testcase classname="testpackage.day4" name="Apiloginhomeloan" time="0.003"/>
  <testcase classname="testpackage.day4" name="Webloginhomeloan" time="0.002"/>
  <testcase classname="testpackage.day4" name="mobileloginhomeloan" time="0.003"/>
</testsuite> <!-- personal loan -->
