<?xml version="1.0" encoding="UTF-8"?>
<!-- Generated by org.testng.reporters.JUnitXMLReporter -->
<testsuite ignored="0" hostname="TippuSwamy" failures="0" tests="5" name="Default test" time="0.167" errors="0" timestamp="2022-09-09T13:59:05 IST">
  <testcase classname="testpackage.day4" name="Apiloginhomeloan" time="0.017"/>
  <testcase classname="testpackage.day4" name="Apiloginhomeloan" time="0.003"/>
  <testcase classname="testpackage.day4" name="Apiloginhomeloan" time="0.006"/>
  <testcase classname="testpackage.day4" name="Webloginhomeloan" time="0.005"/>
  <testcase classname="testpackage.day4" name="mobileloginhomeloan" time="0.002"/>
</testsuite> <!-- Default test -->
