<?xml version="1.0" encoding="UTF-8"?>
<!-- Generated by org.testng.reporters.JUnitXMLReporter -->
<testsuite ignored="0" hostname="TippuSwamy" failures="0" tests="11" name="persnol loan" time="0.196" errors="0" timestamp="2022-09-09T12:18:26 IST">
  <testcase classname="testpackage.day1" name="demo1" time="0.008"/>
  <testcase classname="testpackage.day1" name="demo2" time="0.004"/>
  <testcase classname="testpackage.day2" name="example1" time="0.003"/>
  <testcase classname="testpackage.day3" name="mobilesignoutcarloan" time="0.003"/>
  <testcase classname="testpackage.day3" name="Apilogincarloan" time="0.003"/>
  <testcase classname="testpackage.day3" name="Weblogincarloan" time="0.006"/>
  <testcase classname="testpackage.day3" name="mobilelogincarloan" time="0.002"/>
  <testcase classname="testpackage.day3" name="mobilesignincarloan" time="0.012"/>
  <testcase classname="testpackage.day4" name="Apiloginhomeloan" time="0.007"/>
  <testcase classname="testpackage.day4" name="Webloginhomeloan" time="0.004"/>
  <testcase classname="testpackage.day4" name="mobileloginhomeloan" time="0.004"/>
</testsuite> <!-- persnol loan -->
