<?xml version="1.0" encoding="UTF-8"?>
<testng-results ignored="0" total="5" passed="5" failed="0" skipped="0">
  <reporter-output>
  </reporter-output>
  <suite started-at="2022-09-09T13:59:05 IST" name="Default suite" finished-at="2022-09-09T13:59:05 IST" duration-ms="167">
    <groups>
      <group name="Smoke">
        <method signature="day4.Webloginhomeloan()[pri:0, instance:testpackage.day4@3315d2d7]" name="Webloginhomeloan" class="testpackage.day4"/>
        <method signature="day4.mobileloginhomeloan()[pri:0, instance:testpackage.day4@3315d2d7]" name="mobileloginhomeloan" class="testpackage.day4"/>
      </group> <!-- Smoke -->
    </groups>
    <test started-at="2022-09-09T13:59:05 IST" name="Default test" finished-at="2022-09-09T13:59:05 IST" duration-ms="167">
      <class name="testpackage.day4">
        <test-method signature="Apiloginhomeloan(java.lang.String,java.lang.String)[pri:0, instance:testpackage.day4@3315d2d7]" started-at="2022-09-09T13:59:05 IST" name="Apiloginhomeloan" data-provider="getdata" finished-at="2022-09-09T13:59:05 IST" duration-ms="17" status="PASS">
          <params>
            <param index="0">
              <value>
                <![CDATA[first set of data]]>
              </value>
            </param>
            <param index="1">
              <value>
                <![CDATA[1234]]>
              </value>
            </param>
          </params>
          <reporter-output>
          </reporter-output>
        </test-method> <!-- Apiloginhomeloan -->
        <test-method signature="Apiloginhomeloan(java.lang.String,java.lang.String)[pri:0, instance:testpackage.day4@3315d2d7]" started-at="2022-09-09T13:59:05 IST" name="Apiloginhomeloan" data-provider="getdata" finished-at="2022-09-09T13:59:05 IST" duration-ms="3" status="PASS">
          <params>
            <param index="0">
              <value>
                <![CDATA[second set of data]]>
              </value>
            </param>
            <param index="1">
              <value>
                <![CDATA[5678]]>
              </value>
            </param>
          </params>
          <reporter-output>
          </reporter-output>
        </test-method> <!-- Apiloginhomeloan -->
        <test-method signature="Apiloginhomeloan(java.lang.String,java.lang.String)[pri:0, instance:testpackage.day4@3315d2d7]" started-at="2022-09-09T13:59:05 IST" name="Apiloginhomeloan" data-provider="getdata" finished-at="2022-09-09T13:59:05 IST" duration-ms="6" status="PASS">
          <params>
            <param index="0">
              <value>
                <![CDATA[third set of data]]>
              </value>
            </param>
            <param index="1">
              <value>
                <![CDATA[90123]]>
              </value>
            </param>
          </params>
          <reporter-output>
          </reporter-output>
        </test-method> <!-- Apiloginhomeloan -->
        <test-method signature="Webloginhomeloan()[pri:0, instance:testpackage.day4@3315d2d7]" started-at="2022-09-09T13:59:05 IST" name="Webloginhomeloan" finished-at="2022-09-09T13:59:05 IST" duration-ms="5" status="PASS">
          <reporter-output>
          </reporter-output>
        </test-method> <!-- Webloginhomeloan -->
        <test-method signature="mobileloginhomeloan()[pri:0, instance:testpackage.day4@3315d2d7]" started-at="2022-09-09T13:59:05 IST" name="mobileloginhomeloan" finished-at="2022-09-09T13:59:05 IST" duration-ms="2" status="PASS">
          <reporter-output>
          </reporter-output>
        </test-method> <!-- mobileloginhomeloan -->
      </class> <!-- testpackage.day4 -->
    </test> <!-- Default test -->
  </suite> <!-- Default suite -->
</testng-results>
